0 silly input [ 'build' ]
1 silly flags { _: [ 'run' ],
1 silly flags   'reject-cycles': false,
1 silly flags   rejectCycles: false,
1 silly flags   script: 'build',
1 silly flags   args: [] }
2 verbose rootPath /Users/boneskull/projects/node-red
3 info version 2.9.0
4 silly existsSync /Users/boneskull/projects/node-red/VERSION
5 silly initialize attempt
6 silly initialize success
7 silly execute attempt
8 silly runScriptInDir build [] editor
9 silly getExecOpts { cwd: '/Users/boneskull/projects/node-red/packages/editor' }
10 error build Errored while running script in '@node-red/editor'
11 error execute callback with error
12 error Error: Command failed: npm run build
12 error npm ERR! code ELIFECYCLE
12 error npm ERR! errno 3
12 error npm ERR! @node-red/editor@0.18.4 build: `grunt build`
12 error npm ERR! Exit status 3
12 error npm ERR!
12 error npm ERR! Failed at the @node-red/editor@0.18.4 build script.
12 error npm ERR! This is probably not a problem with npm. There is likely additional logging output above.
12 error
12 error npm ERR! A complete log of this run can be found in:
12 error npm ERR!     /Users/boneskull/.npm/_logs/2018-04-02T22_50_11_086Z-debug.log
12 error
12 error > @node-red/editor@0.18.4 build /Users/boneskull/projects/node-red/packages/editor
12 error > grunt build
12 error
12 error Warning: Task "jsonlint" not found. Use --force to continue.
12 error
12 error Aborted due to warnings.
12 error
12 error     at Promise.all.then.arr (/Users/boneskull/projects/node-red/node_modules/lerna/node_modules/execa/index.js:236:11)
12 error     at <anonymous>
